-------------------------------------------------------------------------------
Test set: melissa.IooniTest
-------------------------------------------------------------------------------
Tests run: 1, Failures: 0, Errors: 1, Skipped: 0, Time elapsed: 0.016 sec <<< FAILURE! - in melissa.IooniTest
Test(melissa.IooniTest)  Time elapsed: 0.009 sec  <<< ERROR!
java.lang.StringIndexOutOfBoundsException: String index out of range: -63
	at java.lang.String.substring(String.java:1967)
	at melissa.IooniTest.Test(IooniTest.java:12)

