<?xml version="1.0" encoding="UTF-8"?>
<testsuite name="kent.LauseTest" time="0.008" tests="1" errors="1" skipped="0" failures="0">
  <properties>
[...]
</properties>
  <testcase name="initializationError" classname="kent.LauseTest" time="0.008">
    <error message="Unable to find a @SpringBootConfiguration, you need to use @ContextConfiguration or @SpringBootTest(classes=...) with your test" type="java.lang.IllegalStateException"><![CDATA[java.lang.IllegalStateException: Unable to find a @SpringBootConfiguration, you need to use @ContextConfiguration or @SpringBootTest(classes=...) with your test
	at org.springframework.util.Assert.state(Assert.java:70)
	at org.springframework.boot.test.context.SpringBootTestContextBootstrapper.getOrFindConfigurationClasses(SpringBootTestContextBootstrapper.java:173)
	at org.springframework.boot.test.context.SpringBootTestContextBootstrapper.processMergedContextConfiguration(SpringBootTestContextBootstrapper.java:133)
	at org.springframework.test.context.support.AbstractTestContextBootstrapper.buildMergedContextConfiguration(AbstractTestContextBootstrapper.java:409)
	at org.springframework.test.context.support.AbstractTestContextBootstrapper.buildDefaultMergedContextConfiguration(AbstractTestContextBootstrapper.java:323)
	at org.springframework.test.context.support.AbstractTestContextBootstrapper.buildMergedContextConfiguration(AbstractTestContextBootstrapper.java:277)
	at org.springframework.test.context.support.AbstractTestContextBootstrapper.buildTestContext(AbstractTestContextBootstrapper.java:112)
	at org.springframework.boot.test.context.SpringBootTestContextBootstrapper.buildTestContext(SpringBootTestContextBootstrapper.java:78)
	at org.springframework.test.context.TestContextManager.<init>(TestContextManager.java:120)
	at org.springframework.test.context.TestContextManager.<init>(TestContextManager.java:105)
	at org.springframework.test.context.junit4.SpringJUnit4ClassRunner.createTestContextManager(SpringJUnit4ClassRunner.java:152)
	at org.springframework.test.context.junit4.SpringJUnit4ClassRunner.<init>(SpringJUnit4ClassRunner.java:143)
	at org.springframework.test.context.junit4.SpringRunner.<init>(SpringRunner.java:49)
	at sun.reflect.NativeConstructorAccessorImpl.newInstance0(Native Method)
	at sun.reflect.NativeConstructorAccessorImpl.newInstance(NativeConstructorAccessorImpl.java:62)
	at sun.reflect.DelegatingConstructorAccessorImpl.newInstance(DelegatingConstructorAccessorImpl.java:45)
	at java.lang.reflect.Constructor.newInstance(Constructor.java:423)
	at org.junit.internal.builders.AnnotatedBuilder.buildRunner(AnnotatedBuilder.java:104)
	at org.junit.internal.builders.AnnotatedBuilder.runnerForClass(AnnotatedBuilder.java:86)
	at org.junit.runners.model.RunnerBuilder.safeRunnerForClass(RunnerBuilder.java:59)
	at org.junit.internal.builders.AllDefaultPossibilitiesBuilder.runnerForClass(AllDefaultPossibilitiesBuilder.java:26)
	at org.junit.runners.model.RunnerBuilder.safeRunnerForClass(RunnerBuilder.java:59)
	at org.junit.internal.requests.ClassRequest.getRunner(ClassRequest.java:33)
	at org.apache.maven.surefire.junit4.JUnit4Provider.execute(JUnit4Provider.java:283)
	at org.apache.maven.surefire.junit4.JUnit4Provider.executeWithRerun(JUnit4Provider.java:173)
	at org.apache.maven.surefire.junit4.JUnit4Provider.executeTestSet(JUnit4Provider.java:153)
	at org.apache.maven.surefire.junit4.JUnit4Provider.invoke(JUnit4Provider.java:128)
	at org.apache.maven.surefire.booter.ForkedBooter.invokeProviderInSameClassLoader(ForkedBooter.java:203)
	at org.apache.maven.surefire.booter.ForkedBooter.runSuitesInProcess(ForkedBooter.java:155)
	at org.apache.maven.surefire.booter.ForkedBooter.main(ForkedBooter.java:103)
]]></error>
    <system-out><![CDATA[15:51:52.838 [main] DEBUG org.springframework.test.context.junit4.SpringJUnit4ClassRunner - SpringJUnit4ClassRunner constructor called with [class kent.LauseTest]
15:51:52.853 [main] DEBUG org.springframework.test.context.BootstrapUtils - Instantiating CacheAwareContextLoaderDelegate from class [org.springframework.test.context.cache.DefaultCacheAwareContextLoaderDelegate]
15:51:52.863 [main] DEBUG org.springframework.test.context.BootstrapUtils - Instantiating BootstrapContext using constructor [public org.springframework.test.context.support.DefaultBootstrapContext(java.lang.Class,org.springframework.test.context.CacheAwareContextLoaderDelegate)]
15:51:52.887 [main] DEBUG org.springframework.test.context.BootstrapUtils - Instantiating TestContextBootstrapper for test class [kent.LauseTest] from class [org.springframework.boot.test.context.SpringBootTestContextBootstrapper]
15:51:52.901 [main] INFO org.springframework.boot.test.context.SpringBootTestContextBootstrapper - Neither @ContextConfiguration nor @ContextHierarchy found for test class [kent.LauseTest], using SpringBootContextLoader
15:51:52.905 [main] DEBUG org.springframework.test.context.support.AbstractContextLoader - Did not detect default resource location for test class [kent.LauseTest]: class path resource [kent/LauseTest-context.xml] does not exist
15:51:52.905 [main] DEBUG org.springframework.test.context.support.AbstractContextLoader - Did not detect default resource location for test class [kent.LauseTest]: class path resource [kent/LauseTestContext.groovy] does not exist
15:51:52.906 [main] INFO org.springframework.test.context.support.AbstractContextLoader - Could not detect default resource locations for test class [kent.LauseTest]: no resource found for suffixes {-context.xml, Context.groovy}.
15:51:52.908 [main] INFO org.springframework.test.context.support.AnnotationConfigContextLoaderUtils - Could not detect default configuration classes for test class [kent.LauseTest]: LauseTest does not declare any static, non-private, non-final, nested classes annotated with @Configuration.
15:51:52.945 [main] DEBUG org.springframework.test.context.support.ActiveProfilesUtils - Could not find an 'annotation declaring class' for annotation type [org.springframework.test.context.ActiveProfiles] and class [kent.LauseTest]
15:51:52.955 [main] DEBUG org.springframework.core.env.StandardEnvironment - Adding [systemProperties] PropertySource with lowest search precedence
15:51:52.957 [main] DEBUG org.springframework.core.env.StandardEnvironment - Adding [systemEnvironment] PropertySource with lowest search precedence
15:51:52.957 [main] DEBUG org.springframework.core.env.StandardEnvironment - Initialized StandardEnvironment with PropertySources [systemProperties,systemEnvironment]
15:51:52.969 [main] DEBUG org.springframework.core.io.support.PathMatchingResourcePatternResolver - Resolved classpath location [kent/] to resources [URL [file:/home/kentloog/public_html/Programmeerimise%20pohikursus/t10kontrolltoo_II/teine/target/test-classes/kent/], URL [file:/home/kentloog/public_html/Programmeerimise%20pohikursus/t10kontrolltoo_II/teine/target/classes/kent/]]
15:51:52.970 [main] DEBUG org.springframework.core.io.support.PathMatchingResourcePatternResolver - Looking for matching resources in directory tree [/home/kentloog/public_html/Programmeerimise pohikursus/t10kontrolltoo_II/teine/target/test-classes/kent]
15:51:52.970 [main] DEBUG org.springframework.core.io.support.PathMatchingResourcePatternResolver - Searching directory [/home/kentloog/public_html/Programmeerimise pohikursus/t10kontrolltoo_II/teine/target/test-classes/kent] for files matching pattern [/home/kentloog/public_html/Programmeerimise pohikursus/t10kontrolltoo_II/teine/target/test-classes/kent/*.class]
15:51:52.973 [main] DEBUG org.springframework.core.io.support.PathMatchingResourcePatternResolver - Looking for matching resources in directory tree [/home/kentloog/public_html/Programmeerimise pohikursus/t10kontrolltoo_II/teine/target/classes/kent]
15:51:52.974 [main] DEBUG org.springframework.core.io.support.PathMatchingResourcePatternResolver - Searching directory [/home/kentloog/public_html/Programmeerimise pohikursus/t10kontrolltoo_II/teine/target/classes/kent] for files matching pattern [/home/kentloog/public_html/Programmeerimise pohikursus/t10kontrolltoo_II/teine/target/classes/kent/*.class]
15:51:52.974 [main] DEBUG org.springframework.core.io.support.PathMatchingResourcePatternResolver - Resolved location pattern [classpath*:kent/*.class] to resources [file [/home/kentloog/public_html/Programmeerimise pohikursus/t10kontrolltoo_II/teine/target/test-classes/kent/LauseTest.class]]
15:51:52.996 [main] DEBUG org.springframework.test.context.junit4.SpringJUnit4ClassRunner - SpringJUnit4ClassRunner constructor called with [class kent.LauseTest]
15:51:52.996 [main] DEBUG org.springframework.test.context.BootstrapUtils - Instantiating CacheAwareContextLoaderDelegate from class [org.springframework.test.context.cache.DefaultCacheAwareContextLoaderDelegate]
15:51:52.996 [main] DEBUG org.springframework.test.context.BootstrapUtils - Instantiating BootstrapContext using constructor [public org.springframework.test.context.support.DefaultBootstrapContext(java.lang.Class,org.springframework.test.context.CacheAwareContextLoaderDelegate)]
15:51:52.997 [main] DEBUG org.springframework.test.context.BootstrapUtils - Instantiating TestContextBootstrapper for test class [kent.LauseTest] from class [org.springframework.boot.test.context.SpringBootTestContextBootstrapper]
15:51:52.997 [main] INFO org.springframework.boot.test.context.SpringBootTestContextBootstrapper - Neither @ContextConfiguration nor @ContextHierarchy found for test class [kent.LauseTest], using SpringBootContextLoader
15:51:52.998 [main] DEBUG org.springframework.test.context.support.AbstractContextLoader - Did not detect default resource location for test class [kent.LauseTest]: class path resource [kent/LauseTest-context.xml] does not exist
15:51:52.998 [main] DEBUG org.springframework.test.context.support.AbstractContextLoader - Did not detect default resource location for test class [kent.LauseTest]: class path resource [kent/LauseTestContext.groovy] does not exist
15:51:52.998 [main] INFO org.springframework.test.context.support.AbstractContextLoader - Could not detect default resource locations for test class [kent.LauseTest]: no resource found for suffixes {-context.xml, Context.groovy}.
15:51:52.998 [main] INFO org.springframework.test.context.support.AnnotationConfigContextLoaderUtils - Could not detect default configuration classes for test class [kent.LauseTest]: LauseTest does not declare any static, non-private, non-final, nested classes annotated with @Configuration.
15:51:53.003 [main] DEBUG org.springframework.test.context.support.ActiveProfilesUtils - Could not find an 'annotation declaring class' for annotation type [org.springframework.test.context.ActiveProfiles] and class [kent.LauseTest]
15:51:53.004 [main] DEBUG org.springframework.core.env.StandardEnvironment - Adding [systemProperties] PropertySource with lowest search precedence
15:51:53.004 [main] DEBUG org.springframework.core.env.StandardEnvironment - Adding [systemEnvironment] PropertySource with lowest search precedence
15:51:53.004 [main] DEBUG org.springframework.core.env.StandardEnvironment - Initialized StandardEnvironment with PropertySources [systemProperties,systemEnvironment]
15:51:53.004 [main] DEBUG org.springframework.core.io.support.PathMatchingResourcePatternResolver - Resolved classpath location [kent/] to resources [URL [file:/home/kentloog/public_html/Programmeerimise%20pohikursus/t10kontrolltoo_II/teine/target/test-classes/kent/], URL [file:/home/kentloog/public_html/Programmeerimise%20pohikursus/t10kontrolltoo_II/teine/target/classes/kent/]]
15:51:53.005 [main] DEBUG org.springframework.core.io.support.PathMatchingResourcePatternResolver - Looking for matching resources in directory tree [/home/kentloog/public_html/Programmeerimise pohikursus/t10kontrolltoo_II/teine/target/test-classes/kent]
15:51:53.005 [main] DEBUG org.springframework.core.io.support.PathMatchingResourcePatternResolver - Searching directory [/home/kentloog/public_html/Programmeerimise pohikursus/t10kontrolltoo_II/teine/target/test-classes/kent] for files matching pattern [/home/kentloog/public_html/Programmeerimise pohikursus/t10kontrolltoo_II/teine/target/test-classes/kent/*.class]
15:51:53.006 [main] DEBUG org.springframework.core.io.support.PathMatchingResourcePatternResolver - Looking for matching resources in directory tree [/home/kentloog/public_html/Programmeerimise pohikursus/t10kontrolltoo_II/teine/target/classes/kent]
15:51:53.006 [main] DEBUG org.springframework.core.io.support.PathMatchingResourcePatternResolver - Searching directory [/home/kentloog/public_html/Programmeerimise pohikursus/t10kontrolltoo_II/teine/target/classes/kent] for files matching pattern [/home/kentloog/public_html/Programmeerimise pohikursus/t10kontrolltoo_II/teine/target/classes/kent/*.class]
15:51:53.006 [main] DEBUG org.springframework.core.io.support.PathMatchingResourcePatternResolver - Resolved location pattern [classpath*:kent/*.class] to resources [file [/home/kentloog/public_html/Programmeerimise pohikursus/t10kontrolltoo_II/teine/target/test-classes/kent/LauseTest.class]]
]]></system-out>
  </testcase>
</testsuite>